2025-09-24 23:40:32.047 [INFO] Begin to build package : DefaultPackage by ScriptableBuildPipeline
2025-09-24 23:40:32.048 [INFO] --------------------------------------------->TaskPrepare<--------------------------------------------
2025-09-24 23:40:32.054 [INFO] Create pipeline output directory: H:/2025MyPro/YooAssetTest/yooTest/Bundles/StandaloneWindows64/DefaultPackage/OutputCache
2025-09-24 23:40:32.054 [INFO] TaskPrepare It takes 0 seconds in total
2025-09-24 23:40:32.055 [INFO] --------------------------------------------->TaskGetBuildMap<--------------------------------------------
2025-09-24 23:40:32.676 [INFO] TaskGetBuildMap It takes 0 seconds in total
2025-09-24 23:40:32.677 [INFO] --------------------------------------------->TaskBuilding<--------------------------------------------
2025-09-24 23:40:38.800 [INFO] UnityEngine build success!
2025-09-24 23:40:38.801 [INFO] TaskBuilding It takes 6 seconds in total
2025-09-24 23:40:38.801 [INFO] --------------------------------------------->TaskVerifyBuildResult<--------------------------------------------
2025-09-24 23:40:38.803 [INFO] Build results verify success!
2025-09-24 23:40:38.803 [INFO] TaskVerifyBuildResult It takes 0 seconds in total
2025-09-24 23:40:38.803 [INFO] --------------------------------------------->TaskEncryption<--------------------------------------------
2025-09-24 23:40:38.804 [INFO] TaskEncryption It takes 0 seconds in total
2025-09-24 23:40:38.804 [INFO] --------------------------------------------->TaskUpdateBundleInfo<--------------------------------------------
2025-09-24 23:40:38.816 [INFO] TaskUpdateBundleInfo It takes 0 seconds in total
2025-09-24 23:40:38.816 [INFO] --------------------------------------------->TaskCreateManifest<--------------------------------------------
2025-09-24 23:40:38.821 [WARN] [ErrorCode601] Found stray bundle ! Bundle ID : 5 Bundle name : defaultpackage_unityshaders.bundle
2025-09-24 23:40:38.824 [INFO] Create package manifest file: H:/2025MyPro/YooAssetTest/yooTest/Bundles/StandaloneWindows64/DefaultPackage/0.1/DefaultPackage_0.1.json
2025-09-24 23:40:38.846 [INFO] Create package manifest file: H:/2025MyPro/YooAssetTest/yooTest/Bundles/StandaloneWindows64/DefaultPackage/0.1/DefaultPackage_0.1.bytes
2025-09-24 23:40:38.847 [INFO] Create package manifest hash file: H:/2025MyPro/YooAssetTest/yooTest/Bundles/StandaloneWindows64/DefaultPackage/0.1/DefaultPackage_0.1.hash
2025-09-24 23:40:38.849 [INFO] Create package manifest version file: H:/2025MyPro/YooAssetTest/yooTest/Bundles/StandaloneWindows64/DefaultPackage/0.1/DefaultPackage.version
2025-09-24 23:40:38.851 [INFO] TaskCreateManifest It takes 0 seconds in total
2025-09-24 23:40:38.851 [INFO] --------------------------------------------->TaskCreateReport<--------------------------------------------
2025-09-24 23:40:38.856 [INFO] Create build report file: H:/2025MyPro/YooAssetTest/yooTest/Bundles/StandaloneWindows64/DefaultPackage/0.1/DefaultPackage_0.1.report
2025-09-24 23:40:38.856 [INFO] TaskCreateReport It takes 0 seconds in total
2025-09-24 23:40:38.857 [INFO] --------------------------------------------->TaskCreatePackage<--------------------------------------------
2025-09-24 23:40:38.857 [INFO] Start making patch package: H:/2025MyPro/YooAssetTest/yooTest/Bundles/StandaloneWindows64/DefaultPackage/0.1
2025-09-24 23:40:38.864 [INFO] TaskCreatePackage It takes 0 seconds in total
2025-09-24 23:40:38.865 [INFO] --------------------------------------------->TaskCopyBuildinFiles<--------------------------------------------
2025-09-24 23:40:39.017 [INFO] Buildin files copy complete: H:/2025MyPro/YooAssetTest/yooTest/Assets/StreamingAssets/yoo/DefaultPackage
2025-09-24 23:40:39.018 [INFO] TaskCopyBuildinFiles It takes 0 seconds in total
2025-09-24 23:40:39.018 [INFO] --------------------------------------------->TaskCreateCatalog<--------------------------------------------
2025-09-24 23:40:39.178 [INFO] TaskCreateCatalog It takes 0 seconds in total
2025-09-24 23:40:39.178 [INFO] Total build process time: 6 seconds
2025-09-24 23:40:39.178 [INFO] Resource pipeline build success
